<?xml version="1.0" encoding="UTF-8"?>
<testng-results ignored="0" total="4" passed="3" failed="1" skipped="0">
  <reporter-output>
  </reporter-output>
  <suite started-at="2024-08-08T14:25:27 IST" name="Default suite" finished-at="2024-08-08T14:25:52 IST" duration-ms="24587">
    <groups>
    </groups>
    <test started-at="2024-08-08T14:25:27 IST" name="Default test" finished-at="2024-08-08T14:25:52 IST" duration-ms="24587">
      <class name="reports.ReportDemo">
        <test-method is-config="true" signature="setUp()[pri:0, instance:reports.ReportDemo@43c1b556]" started-at="2024-08-08T14:25:27 IST" name="setUp" finished-at="2024-08-08T14:25:33 IST" duration-ms="5013" status="PASS">
          <reporter-output>
          </reporter-output>
        </test-method> <!-- setUp -->
        <test-method signature="ebayTitle()[pri:0, instance:reports.ReportDemo@43c1b556]" started-at="2024-08-08T14:25:33 IST" name="ebayTitle" finished-at="2024-08-08T14:25:35 IST" duration-ms="2403" status="PASS">
          <reporter-output>
          </reporter-output>
        </test-method> <!-- ebayTitle -->
        <test-method signature="facebook()[pri:0, instance:reports.ReportDemo@43c1b556]" started-at="2024-08-08T14:25:35 IST" name="facebook" finished-at="2024-08-08T14:25:44 IST" duration-ms="8556" status="FAIL">
          <exception class="java.lang.AssertionError">
            <message>
              <![CDATA[The following asserts failed:
Border is mismatched expected [1px solid rgb(221, 223, 226)] but found [0.666667px solid rgb(221, 223, 226)]]]>
            </message>
            <full-stacktrace>
              <![CDATA[java.lang.AssertionError: The following asserts failed:
Border is mismatched expected [1px solid rgb(221, 223, 226)] but found [0.666667px solid rgb(221, 223, 226)]
at org.testng.asserts.SoftAssert.assertAll(SoftAssert.java:46)
at org.testng.asserts.SoftAssert.assertAll(SoftAssert.java:30)
at reports.ReportDemo.facebook(ReportDemo.java:79)
at java.base/jdk.internal.reflect.DirectMethodHandleAccessor.invoke(DirectMethodHandleAccessor.java:104)
at java.base/java.lang.reflect.Method.invoke(Method.java:577)
at org.testng.internal.invokers.MethodInvocationHelper.invokeMethod(MethodInvocationHelper.java:141)
at org.testng.internal.invokers.TestInvoker.invokeMethod(TestInvoker.java:686)
at org.testng.internal.invokers.TestInvoker.invokeTestMethod(TestInvoker.java:230)
at org.testng.internal.invokers.MethodRunner.runInSequence(MethodRunner.java:63)
at org.testng.internal.invokers.TestInvoker$MethodInvocationAgent.invoke(TestInvoker.java:992)
at org.testng.internal.invokers.TestInvoker.invokeTestMethods(TestInvoker.java:203)
at org.testng.internal.invokers.TestMethodWorker.invokeTestMethods(TestMethodWorker.java:154)
at org.testng.internal.invokers.TestMethodWorker.run(TestMethodWorker.java:134)
at java.base/java.util.ArrayList.forEach(ArrayList.java:1511)
at org.testng.TestRunner.privateRun(TestRunner.java:739)
at org.testng.TestRunner.run(TestRunner.java:614)
at org.testng.SuiteRunner.runTest(SuiteRunner.java:421)
at org.testng.SuiteRunner.runSequentially(SuiteRunner.java:413)
at org.testng.SuiteRunner.privateRun(SuiteRunner.java:373)
at org.testng.SuiteRunner.run(SuiteRunner.java:312)
at org.testng.SuiteRunnerWorker.runSuite(SuiteRunnerWorker.java:52)
at org.testng.SuiteRunnerWorker.run(SuiteRunnerWorker.java:95)
at org.testng.TestNG.runSuitesSequentially(TestNG.java:1274)
at org.testng.TestNG.runSuitesLocally(TestNG.java:1208)
at org.testng.TestNG.runSuites(TestNG.java:1112)
at org.testng.TestNG.run(TestNG.java:1079)
at org.testng.remote.AbstractRemoteTestNG.run(AbstractRemoteTestNG.java:115)
at org.testng.remote.RemoteTestNG.initAndRun(RemoteTestNG.java:293)
at org.testng.remote.RemoteTestNG.main(RemoteTestNG.java:91)
]]>
            </full-stacktrace>
          </exception> <!-- java.lang.AssertionError -->
          <reporter-output>
          </reporter-output>
        </test-method> <!-- facebook -->
        <test-method signature="hyrTitle()[pri:0, instance:reports.ReportDemo@43c1b556]" started-at="2024-08-08T14:25:44 IST" name="hyrTitle" finished-at="2024-08-08T14:25:49 IST" duration-ms="4997" status="PASS">
          <reporter-output>
          </reporter-output>
        </test-method> <!-- hyrTitle -->
        <test-method signature="swagLabTitle()[pri:0, instance:reports.ReportDemo@43c1b556]" started-at="2024-08-08T14:25:49 IST" name="swagLabTitle" finished-at="2024-08-08T14:25:51 IST" duration-ms="2011" status="PASS">
          <reporter-output>
          </reporter-output>
        </test-method> <!-- swagLabTitle -->
        <test-method is-config="true" signature="teardown()[pri:0, instance:reports.ReportDemo@43c1b556]" started-at="2024-08-08T14:25:51 IST" name="teardown" finished-at="2024-08-08T14:25:52 IST" duration-ms="1493" status="PASS">
          <reporter-output>
          </reporter-output>
        </test-method> <!-- teardown -->
      </class> <!-- reports.ReportDemo -->
    </test> <!-- Default test -->
  </suite> <!-- Default suite -->
</testng-results>
