<?xml version="1.0" encoding="UTF-8"?>
<!-- Generated by org.testng.reporters.JUnitXMLReporter -->
<testsuite ignored="0" hostname="DESKTOP-U2FLON5" failures="1" tests="5" name="Test1" time="49.738" errors="0" timestamp="2024-08-08T13:31:53 IST">
  <testcase classname="selenium.test.ReTRY_Testcase" name="ebayapp" time="7.498">
    <skipped/>
  </testcase> <!-- ebayapp -->
  <testcase classname="selenium.test.ReTRY_Testcase" name="ebayapp" time="26.323">
    <skipped/>
  </testcase> <!-- ebayapp -->
  <testcase classname="selenium.test.ReTRY_Testcase" name="ebayapp" time="3.401">
    <skipped/>
  </testcase> <!-- ebayapp -->
  <testcase classname="selenium.test.ReTRY_Testcase" name="ebayapp" time="5.572">
    <skipped/>
  </testcase> <!-- ebayapp -->
  <testcase classname="selenium.test.ReTRY_Testcase" name="ebayapp" time="2.1">
    <failure type="java.lang.AssertionError" message="expected [true] but found [false]">
      <![CDATA[java.lang.AssertionError: expected [true] but found [false]
at selenium.test.ReTRY_Testcase.ebayapp(ReTRY_Testcase.java:10)
at java.base/java.util.ArrayList.forEach(ArrayList.java:1511)
... Removed 29 stack frames]]>
    </failure>
  </testcase> <!-- ebayapp -->
</testsuite> <!-- Test1 -->
