<html>
<head>
<title>TestNG:  Functinal testing</title>
<link href="../testng.css" rel="stylesheet" type="text/css" />
<link href="../my-testng.css" rel="stylesheet" type="text/css" />

<style type="text/css">
.log { display: none;} 
.stack-trace { display: none;} 
</style>
<script type="text/javascript">
<!--
function flip(e) {
  current = e.style.display;
  if (current == 'block') {
    e.style.display = 'none';
    return 0;
  }
  else {
    e.style.display = 'block';
    return 1;
  }
}

function toggleBox(szDivId, elem, msg1, msg2)
{
  var res = -1;  if (document.getElementById) {
    res = flip(document.getElementById(szDivId));
  }
  else if (document.all) {
    // this is the way old msie versions work
    res = flip(document.all[szDivId]);
  }
  if(elem) {
    if(res == 0) elem.innerHTML = msg1; else elem.innerHTML = msg2;
  }

}

function toggleAllBoxes() {
  if (document.getElementsByTagName) {
    d = document.getElementsByTagName('div');
    for (i = 0; i < d.length; i++) {
      if (d[i].className == 'log') {
        flip(d[i]);
      }
    }
  }
}

// -->
</script>

</head>
<body>
<h2 align='center'>Functinal testing</h2><table border='1' align="center">
<tr>
<td>Tests passed/Failed/Skipped:</td><td>13/1/0</td>
</tr><tr>
<td>Started on:</td><td>Mon Aug 05 09:27:07 IST 2024</td>
</tr>
<tr><td>Total time:</td><td>6 seconds (6207 ms)</td>
</tr><tr>
<td>Included groups:</td><td></td>
</tr><tr>
<td>Excluded groups:</td><td></td>
</tr>
</table><p/>
<small><i>(Hover the method name to see the test class name)</i></small><p/>
<table width='100%' border='1' class='invocation-failed'>
<tr><td colspan='4' align='center'><b>FAILED TESTS</b></td></tr>
<tr><td><b>Test method</b></td>
<td><b>Attribute(s)</b></td>
<td width="30%"><b>Exception</b></td>
<td width="10%"><b>Time (seconds)</b></td>
<td><b>Instance</b></td>
</tr>
<tr>
<td title='com.test.VerifyTitlebyAssertion.test1Method()'><b>test1Method</b><br>Test class: com.test.VerifyTitlebyAssertion</td>
<td><div><pre>java.lang.AssertionError: The following asserts failed:
	Text Verification failed expected [Searchyu] but found [Search]
	at com.test.VerifyTitlebyAssertion.test1Method(VerifyTitlebyAssertion.java:29)
	at java.base/java.util.ArrayList.forEach(ArrayList.java:1511)
... Removed 27 stack frames</pre></div><a href='#' onClick='toggleBox("stack-trace1699443392", this, "Click to show all stack frames", "Click to hide stack frames")'>Click to show all stack frames</a>
<div class='stack-trace' id='stack-trace1699443392'><pre>java.lang.AssertionError: The following asserts failed:
	Text Verification failed expected [Searchyu] but found [Search]
	at org.testng.asserts.SoftAssert.assertAll(SoftAssert.java:46)
	at org.testng.asserts.SoftAssert.assertAll(SoftAssert.java:30)
	at com.test.VerifyTitlebyAssertion.test1Method(VerifyTitlebyAssertion.java:29)
	at java.base/jdk.internal.reflect.DirectMethodHandleAccessor.invoke(DirectMethodHandleAccessor.java:104)
	at java.base/java.lang.reflect.Method.invoke(Method.java:577)
	at org.testng.internal.invokers.MethodInvocationHelper.invokeMethod(MethodInvocationHelper.java:141)
	at org.testng.internal.invokers.TestInvoker.invokeMethod(TestInvoker.java:686)
	at org.testng.internal.invokers.TestInvoker.invokeTestMethod(TestInvoker.java:230)
	at org.testng.internal.invokers.MethodRunner.runInSequence(MethodRunner.java:63)
	at org.testng.internal.invokers.TestInvoker$MethodInvocationAgent.invoke(TestInvoker.java:992)
	at org.testng.internal.invokers.TestInvoker.invokeTestMethods(TestInvoker.java:203)
	at org.testng.internal.invokers.TestMethodWorker.invokeTestMethods(TestMethodWorker.java:154)
	at org.testng.internal.invokers.TestMethodWorker.run(TestMethodWorker.java:134)
	at java.base/java.util.ArrayList.forEach(ArrayList.java:1511)
	at org.testng.TestRunner.privateRun(TestRunner.java:739)
	at org.testng.TestRunner.run(TestRunner.java:614)
	at org.testng.SuiteRunner.runTest(SuiteRunner.java:421)
	at org.testng.SuiteRunner.runSequentially(SuiteRunner.java:413)
	at org.testng.SuiteRunner.privateRun(SuiteRunner.java:373)
	at org.testng.SuiteRunner.run(SuiteRunner.java:312)
	at org.testng.SuiteRunnerWorker.runSuite(SuiteRunnerWorker.java:52)
	at org.testng.SuiteRunnerWorker.run(SuiteRunnerWorker.java:95)
	at org.testng.TestNG.runSuitesSequentially(TestNG.java:1274)
	at org.testng.TestNG.runSuitesLocally(TestNG.java:1208)
	at org.testng.TestNG.runSuites(TestNG.java:1112)
	at org.testng.TestNG.run(TestNG.java:1079)
	at org.testng.remote.AbstractRemoteTestNG.run(AbstractRemoteTestNG.java:115)
	at org.testng.remote.RemoteTestNG.initAndRun(RemoteTestNG.java:293)
	at org.testng.remote.RemoteTestNG.main(RemoteTestNG.java:91)
</pre></div></td>
<td>5</td>
<td>com.test.VerifyTitlebyAssertion@710f4dc7</td></tr>
</table><p>
<table width='100%' border='1' class='invocation-passed'>
<tr><td colspan='4' align='center'><b>PASSED TESTS</b></td></tr>
<tr><td><b>Test method</b></td>
<td><b>Attribute(s)</b></td>
<td width="30%"><b>Exception</b></td>
<td width="10%"><b>Time (seconds)</b></td>
<td><b>Instance</b></td>
</tr>
<tr>
<td title='com.test.Home_loan.MobileLoginHomeLoan()'><b>MobileLoginHomeLoan</b><br>Test class: com.test.Home_loan</td>
<td></td>
<td>0</td>
<td>com.test.Home_loan@2925bf5b</td></tr>
<tr>
<td title='com.test.Personal_loan.APILoginPersonalLoan()'><b>APILoginPersonalLoan</b><br>Test class: com.test.Personal_loan</td>
<td></td>
<td>0</td>
<td>com.test.Personal_loan@45c7e403</td></tr>
<tr>
<td title='com.test.TestDemo.testmethod()'><b>testmethod</b><br>Test class: com.test.TestDemo<br>Test method: this is test</td>
<td></td>
<td>0</td>
<td>com.test.TestDemo@b3ca52e</td></tr>
<tr>
<td title='com.test.Car_loan.MobileLoginCarLoan()'><b>MobileLoginCarLoan</b><br>Test class: com.test.Car_loan</td>
<td></td>
<td>0</td>
<td>com.test.Car_loan@752325ad</td></tr>
<tr>
<td title='com.test.TestDemo2.test1()'><b>test1</b><br>Test class: com.test.TestDemo2</td>
<td></td>
<td>0</td>
<td>com.test.TestDemo2@7a8c8dcf</td></tr>
<tr>
<td title='com.test.TestDemo2.test2()'><b>test2</b><br>Test class: com.test.TestDemo2<br>Test method: this is test</td>
<td></td>
<td>0</td>
<td>com.test.TestDemo2@7a8c8dcf</td></tr>
<tr>
<td title='com.test.Car_loan.APILoginCarLoan()'><b>APILoginCarLoan</b><br>Test class: com.test.Car_loan</td>
<td></td>
<td>0</td>
<td>com.test.Car_loan@752325ad</td></tr>
<tr>
<td title='com.test.Car_loan.WebLoginCarLoan()'><b>WebLoginCarLoan</b><br>Test class: com.test.Car_loan</td>
<td></td>
<td>0</td>
<td>com.test.Car_loan@752325ad</td></tr>
<tr>
<td title='com.test.TestDemo.testmethod2()'><b>testmethod2</b><br>Test class: com.test.TestDemo</td>
<td></td>
<td>0</td>
<td>com.test.TestDemo@b3ca52e</td></tr>
<tr>
<td title='com.test.Home_loan.WebLoginHomeLoan()'><b>WebLoginHomeLoan</b><br>Test class: com.test.Home_loan</td>
<td></td>
<td>0</td>
<td>com.test.Home_loan@2925bf5b</td></tr>
<tr>
<td title='com.test.Personal_loan.WebLoginPersonalLoan()'><b>WebLoginPersonalLoan</b><br>Test class: com.test.Personal_loan</td>
<td></td>
<td>0</td>
<td>com.test.Personal_loan@45c7e403</td></tr>
<tr>
<td title='com.test.Home_loan.APILoginHomeLoan()'><b>APILoginHomeLoan</b><br>Test class: com.test.Home_loan</td>
<td></td>
<td>0</td>
<td>com.test.Home_loan@2925bf5b</td></tr>
<tr>
<td title='com.test.Personal_loan.MobileLoginPersonalLoan()'><b>MobileLoginPersonalLoan</b><br>Test class: com.test.Personal_loan</td>
<td></td>
<td>0</td>
<td>com.test.Personal_loan@45c7e403</td></tr>
</table><p>
</body>
</html>