<?xml version="1.0" encoding="UTF-8"?>
<!-- Generated by org.testng.reporters.JUnitXMLReporter -->
<testsuite ignored="0" hostname="DESKTOP-U2FLON5" failures="1" tests="14" name="Functinal testing" time="6.207" errors="0" timestamp="2024-08-05T09:27:13 IST">
  <testcase classname="com.test.TestDemo2" name="test1" time="0.01"/>
  <testcase classname="com.test.TestDemo2" name="test2" time="0.004"/>
  <testcase classname="com.test.Car_loan" name="APILoginCarLoan" time="0.002"/>
  <testcase classname="com.test.Car_loan" name="MobileLoginCarLoan" time="0.003"/>
  <testcase classname="com.test.Car_loan" name="WebLoginCarLoan" time="0.004"/>
  <testcase classname="com.test.TestDemo" name="testmethod2" time="0.003"/>
  <testcase classname="com.test.TestDemo" name="testmethod" time="0.005"/>
  <testcase classname="com.test.Personal_loan" name="APILoginPersonalLoan" time="0.003"/>
  <testcase classname="com.test.Personal_loan" name="MobileLoginPersonalLoan" time="0.004"/>
  <testcase classname="com.test.Personal_loan" name="WebLoginPersonalLoan" time="0.005"/>
  <testcase classname="com.test.Home_loan" name="APILoginHomeLoan" time="0.008"/>
  <testcase classname="com.test.Home_loan" name="MobileLoginHomeLoan" time="0.003"/>
  <testcase classname="com.test.Home_loan" name="WebLoginHomeLoan" time="0.001"/>
  <testcase classname="com.test.VerifyTitlebyAssertion" name="test1Method" time="5.932">
    <failure type="java.lang.AssertionError" message="The following asserts failed:
	Text Verification failed expected [Searchyu] but found [Search]">
      <![CDATA[java.lang.AssertionError: The following asserts failed:
Text Verification failed expected [Searchyu] but found [Search]
at com.test.VerifyTitlebyAssertion.test1Method(VerifyTitlebyAssertion.java:29)
at java.base/java.util.ArrayList.forEach(ArrayList.java:1511)
... Removed 27 stack frames]]>
    </failure>
  </testcase> <!-- test1Method -->
</testsuite> <!-- Functinal testing -->
