<?xml version="1.0" encoding="UTF-8"?>
<!-- Generated by org.testng.reporters.JUnitXMLReporter -->
<testsuite ignored="0" hostname="DESKTOP-U2FLON5" failures="1" tests="5" name="regression testng" time="7.026" errors="0" timestamp="2024-08-05T09:37:03 IST">
  <testcase classname="com.test.TestDemo2" name="test1" time="0.027"/>
  <testcase classname="com.test.TestDemo2" name="test2" time="0.007"/>
  <testcase classname="com.test.TestDemo" name="testmethod2" time="0.006"/>
  <testcase classname="com.test.TestDemo" name="testmethod" time="0.007"/>
  <testcase classname="com.test.VerifyTitlebyAssertion" name="test1Method" time="6.764">
    <failure type="java.lang.AssertionError" message="The following asserts failed:
	Text Verification failed expected [Searchyu] but found [Search]">
      <![CDATA[java.lang.AssertionError: The following asserts failed:
Text Verification failed expected [Searchyu] but found [Search]
at com.test.VerifyTitlebyAssertion.test1Method(VerifyTitlebyAssertion.java:29)
at java.base/java.util.ArrayList.forEach(ArrayList.java:1511)
... Removed 28 stack frames]]>
    </failure>
  </testcase> <!-- test1Method -->
</testsuite> <!-- regression testng -->
