<?xml version="1.0" encoding="UTF-8"?>
<!-- Generated by org.testng.reporters.JUnitXMLReporter -->
<testsuite ignored="3" hostname="DESKTOP-U2FLON5" failures="1" tests="1" name="Test3" time="10.654" errors="0" timestamp="2024-08-07T19:49:40 IST">
  <testcase classname="selenium.test.ScreenShotsTest" name="facebook" time="5.921">
    <failure type="java.lang.AssertionError" message="The following asserts failed:
	Border is mismatched expected [1px solid rgb(221, 223, 226)] but found [0.666667px solid rgb(221, 223, 226)]">
      <![CDATA[java.lang.AssertionError: The following asserts failed:
Border is mismatched expected [1px solid rgb(221, 223, 226)] but found [0.666667px solid rgb(221, 223, 226)]
at selenium.test.ScreenShotsTest.facebook(ScreenShotsTest.java:77)
at java.base/java.util.ArrayList.forEach(ArrayList.java:1511)
... Removed 27 stack frames]]>
    </failure>
  </testcase> <!-- facebook -->
  <testcase classname="selenium.test.ScreenShotsTest" name="hyrTitle" time="0.0">
    <ignored/>
  </testcase> <!-- hyrTitle -->
  <testcase classname="selenium.test.ScreenShotsTest" name="ebayTitle" time="0.0">
    <ignored/>
  </testcase> <!-- ebayTitle -->
  <testcase classname="selenium.test.ScreenShotsTest" name="swagLabTitle" time="0.0">
    <ignored/>
  </testcase> <!-- swagLabTitle -->
</testsuite> <!-- Test3 -->
